<?xml version="1.0" encoding="UTF-8"?>
<!-- Generated by org.testng.reporters.JUnitXMLReporter -->
<testsuite hostname="Saravana-Ashok" name="Default test" tests="4" failures="0" timestamp="23 Aug 2023 10:44:02 GMT" time="62.022" errors="0">
  <testcase name="loginProviderCases" time="15.388" classname="testNGdemo.Test1"/>
  <testcase name="loginProviderCases" time="6.025" classname="testNGdemo.Test1"/>
  <testcase name="loginProviderCases" time="7.025" classname="testNGdemo.Test1"/>
  <testcase name="loginProviderCases" time="7.129" classname="testNGdemo.Test1"/>
</testsuite> <!-- Default test -->
